Analysis & Synthesis report for alu
Fri Sep 30 07:52:41 2022
Quartus Prime Version 17.0.0 Build 595 04/25/2017 SJ Lite Edition


---------------------
; Table of Contents ;
---------------------
  1. Legal Notice
  2. Analysis & Synthesis Summary
  3. Analysis & Synthesis Settings
  4. Parallel Compilation
  5. Analysis & Synthesis Source Files Read
  6. Analysis & Synthesis Resource Usage Summary
  7. Analysis & Synthesis Resource Utilization by Entity
  8. Logic Cells Representing Combinational Loops
  9. General Register Statistics
 10. Multiplexer Restructuring Statistics (Restructuring Performed)
 11. Parameter Settings for User Entity Instance: Top-level Entity: |alu
 12. Post-Synthesis Netlist Statistics for Top Partition
 13. Elapsed Time Per Partition
 14. Analysis & Synthesis Messages
 15. Analysis & Synthesis Suppressed Messages



----------------
; Legal Notice ;
----------------
Copyright (C) 2017  Intel Corporation. All rights reserved.
Your use of Intel Corporation's design tools, logic functions 
and other software and tools, and its AMPP partner logic 
functions, and any output files from any of the foregoing 
(including device programming or simulation files), and any 
associated documentation or information are expressly subject 
to the terms and conditions of the Intel Program License 
Subscription Agreement, the Intel Quartus Prime License Agreement,
the Intel MegaCore Function License Agreement, or other 
applicable license agreement, including, without limitation, 
that your use is for the sole purpose of programming logic 
devices manufactured by Intel and sold by Intel or its 
authorized distributors.  Please refer to the applicable 
agreement for further details.



+----------------------------------------------------------------------------------+
; Analysis & Synthesis Summary                                                     ;
+------------------------------------+---------------------------------------------+
; Analysis & Synthesis Status        ; Successful - Fri Sep 30 07:52:41 2022       ;
; Quartus Prime Version              ; 17.0.0 Build 595 04/25/2017 SJ Lite Edition ;
; Revision Name                      ; alu                                         ;
; Top-level Entity Name              ; alu                                         ;
; Family                             ; Cyclone IV E                                ;
; Total logic elements               ; 165                                         ;
;     Total combinational functions  ; 165                                         ;
;     Dedicated logic registers      ; 0                                           ;
; Total registers                    ; 0                                           ;
; Total pins                         ; 109                                         ;
; Total virtual pins                 ; 0                                           ;
; Total memory bits                  ; 0                                           ;
; Embedded Multiplier 9-bit elements ; 0                                           ;
; Total PLLs                         ; 0                                           ;
+------------------------------------+---------------------------------------------+


+----------------------------------------------------------------------------------------------------------------------+
; Analysis & Synthesis Settings                                                                                        ;
+----------------------------------------------------------------------------+--------------------+--------------------+
; Option                                                                     ; Setting            ; Default Value      ;
+----------------------------------------------------------------------------+--------------------+--------------------+
; Device                                                                     ; EP4CE30F29C7       ;                    ;
; Top-level entity name                                                      ; alu                ; alu                ;
; Family name                                                                ; Cyclone IV E       ; Cyclone V          ;
; Use smart compilation                                                      ; Off                ; Off                ;
; Enable parallel Assembler and TimeQuest Timing Analyzer during compilation ; On                 ; On                 ;
; Enable compact report table                                                ; Off                ; Off                ;
; Restructure Multiplexers                                                   ; Auto               ; Auto               ;
; Create Debugging Nodes for IP Cores                                        ; Off                ; Off                ;
; Preserve fewer node names                                                  ; On                 ; On                 ;
; OpenCore Plus hardware evaluation                                          ; Enable             ; Enable             ;
; Verilog Version                                                            ; Verilog_2001       ; Verilog_2001       ;
; VHDL Version                                                               ; VHDL_1993          ; VHDL_1993          ;
; State Machine Processing                                                   ; Auto               ; Auto               ;
; Safe State Machine                                                         ; Off                ; Off                ;
; Extract Verilog State Machines                                             ; On                 ; On                 ;
; Extract VHDL State Machines                                                ; On                 ; On                 ;
; Ignore Verilog initial constructs                                          ; Off                ; Off                ;
; Iteration limit for constant Verilog loops                                 ; 5000               ; 5000               ;
; Iteration limit for non-constant Verilog loops                             ; 250                ; 250                ;
; Add Pass-Through Logic to Inferred RAMs                                    ; On                 ; On                 ;
; Infer RAMs from Raw Logic                                                  ; On                 ; On                 ;
; Parallel Synthesis                                                         ; On                 ; On                 ;
; DSP Block Balancing                                                        ; Auto               ; Auto               ;
; NOT Gate Push-Back                                                         ; On                 ; On                 ;
; Power-Up Don't Care                                                        ; On                 ; On                 ;
; Remove Redundant Logic Cells                                               ; Off                ; Off                ;
; Remove Duplicate Registers                                                 ; On                 ; On                 ;
; Ignore CARRY Buffers                                                       ; Off                ; Off                ;
; Ignore CASCADE Buffers                                                     ; Off                ; Off                ;
; Ignore GLOBAL Buffers                                                      ; Off                ; Off                ;
; Ignore ROW GLOBAL Buffers                                                  ; Off                ; Off                ;
; Ignore LCELL Buffers                                                       ; Off                ; Off                ;
; Ignore SOFT Buffers                                                        ; On                 ; On                 ;
; Limit AHDL Integers to 32 Bits                                             ; Off                ; Off                ;
; Optimization Technique                                                     ; Balanced           ; Balanced           ;
; Carry Chain Length                                                         ; 70                 ; 70                 ;
; Auto Carry Chains                                                          ; On                 ; On                 ;
; Auto Open-Drain Pins                                                       ; On                 ; On                 ;
; Perform WYSIWYG Primitive Resynthesis                                      ; Off                ; Off                ;
; Auto ROM Replacement                                                       ; On                 ; On                 ;
; Auto RAM Replacement                                                       ; On                 ; On                 ;
; Auto DSP Block Replacement                                                 ; On                 ; On                 ;
; Auto Shift Register Replacement                                            ; Auto               ; Auto               ;
; Allow Shift Register Merging across Hierarchies                            ; Auto               ; Auto               ;
; Auto Clock Enable Replacement                                              ; On                 ; On                 ;
; Strict RAM Replacement                                                     ; Off                ; Off                ;
; Allow Synchronous Control Signals                                          ; On                 ; On                 ;
; Force Use of Synchronous Clear Signals                                     ; Off                ; Off                ;
; Auto RAM Block Balancing                                                   ; On                 ; On                 ;
; Auto RAM to Logic Cell Conversion                                          ; Off                ; Off                ;
; Auto Resource Sharing                                                      ; Off                ; Off                ;
; Allow Any RAM Size For Recognition                                         ; Off                ; Off                ;
; Allow Any ROM Size For Recognition                                         ; Off                ; Off                ;
; Allow Any Shift Register Size For Recognition                              ; Off                ; Off                ;
; Use LogicLock Constraints during Resource Balancing                        ; On                 ; On                 ;
; Ignore translate_off and synthesis_off directives                          ; Off                ; Off                ;
; Timing-Driven Synthesis                                                    ; On                 ; On                 ;
; Report Parameter Settings                                                  ; On                 ; On                 ;
; Report Source Assignments                                                  ; On                 ; On                 ;
; Report Connectivity Checks                                                 ; On                 ; On                 ;
; Ignore Maximum Fan-Out Assignments                                         ; Off                ; Off                ;
; Synchronization Register Chain Length                                      ; 2                  ; 2                  ;
; PowerPlay Power Optimization During Synthesis                              ; Normal compilation ; Normal compilation ;
; HDL message level                                                          ; Level2             ; Level2             ;
; Suppress Register Optimization Related Messages                            ; Off                ; Off                ;
; Number of Removed Registers Reported in Synthesis Report                   ; 5000               ; 5000               ;
; Number of Swept Nodes Reported in Synthesis Report                         ; 5000               ; 5000               ;
; Number of Inverted Registers Reported in Synthesis Report                  ; 100                ; 100                ;
; Clock MUX Protection                                                       ; On                 ; On                 ;
; Auto Gated Clock Conversion                                                ; Off                ; Off                ;
; Block Design Naming                                                        ; Auto               ; Auto               ;
; SDC constraint protection                                                  ; Off                ; Off                ;
; Synthesis Effort                                                           ; Auto               ; Auto               ;
; Shift Register Replacement - Allow Asynchronous Clear Signal               ; On                 ; On                 ;
; Pre-Mapping Resynthesis Optimization                                       ; Off                ; Off                ;
; Analysis & Synthesis Message Level                                         ; Medium             ; Medium             ;
; Disable Register Merging Across Hierarchies                                ; Auto               ; Auto               ;
; Resource Aware Inference For Block RAM                                     ; On                 ; On                 ;
+----------------------------------------------------------------------------+--------------------+--------------------+


+------------------------------------------+
; Parallel Compilation                     ;
+----------------------------+-------------+
; Processors                 ; Number      ;
+----------------------------+-------------+
; Number detected on machine ; 16          ;
; Maximum allowed            ; 8           ;
;                            ;             ;
; Average used               ; 1.00        ;
; Maximum used               ; 1           ;
;                            ;             ;
; Usage by Processor         ; % Time Used ;
;     Processor 1            ; 100.0%      ;
+----------------------------+-------------+


+--------------------------------------------------------------------------------------------------------------------------------------+
; Analysis & Synthesis Source Files Read                                                                                               ;
+----------------------------------+-----------------+------------------------+----------------------------------------------+---------+
; File Name with User-Entered Path ; Used in Netlist ; File Type              ; File Name with Absolute Path                 ; Library ;
+----------------------------------+-----------------+------------------------+----------------------------------------------+---------+
; alu.v                            ; yes             ; User Verilog HDL File  ; D:/xy/GDA/MS/ECE/550/Recitation/5/lab5/alu.v ;         ;
+----------------------------------+-----------------+------------------------+----------------------------------------------+---------+


+-----------------------------------------------------------------------+
; Analysis & Synthesis Resource Usage Summary                           ;
+---------------------------------------------+-------------------------+
; Resource                                    ; Usage                   ;
+---------------------------------------------+-------------------------+
; Estimated Total logic elements              ; 165                     ;
;                                             ;                         ;
; Total combinational functions               ; 165                     ;
; Logic element usage by number of LUT inputs ;                         ;
;     -- 4 input functions                    ; 68                      ;
;     -- 3 input functions                    ; 95                      ;
;     -- <=2 input functions                  ; 2                       ;
;                                             ;                         ;
; Logic elements by mode                      ;                         ;
;     -- normal mode                          ; 103                     ;
;     -- arithmetic mode                      ; 62                      ;
;                                             ;                         ;
; Total registers                             ; 0                       ;
;     -- Dedicated logic registers            ; 0                       ;
;     -- I/O registers                        ; 0                       ;
;                                             ;                         ;
; I/O pins                                    ; 109                     ;
;                                             ;                         ;
; Embedded Multiplier 9-bit elements          ; 0                       ;
;                                             ;                         ;
; Maximum fan-out node                        ; ctrl_ALUopcode[1]~input ;
; Maximum fan-out                             ; 66                      ;
; Total fan-out                               ; 703                     ;
; Average fan-out                             ; 1.84                    ;
+---------------------------------------------+-------------------------+


+----------------------------------------------------------------------------------------------------------------------------------------------------------------------------------------------------------+
; Analysis & Synthesis Resource Utilization by Entity                                                                                                                                                      ;
+----------------------------+---------------------+---------------------------+-------------+--------------+---------+-----------+------+--------------+---------------------+-------------+--------------+
; Compilation Hierarchy Node ; Combinational ALUTs ; Dedicated Logic Registers ; Memory Bits ; DSP Elements ; DSP 9x9 ; DSP 18x18 ; Pins ; Virtual Pins ; Full Hierarchy Name ; Entity Name ; Library Name ;
+----------------------------+---------------------+---------------------------+-------------+--------------+---------+-----------+------+--------------+---------------------+-------------+--------------+
; |alu                       ; 165 (165)           ; 0 (0)                     ; 0           ; 0            ; 0       ; 0         ; 109  ; 0            ; |alu                ; alu         ; work         ;
+----------------------------+---------------------+---------------------------+-------------+--------------+---------+-----------+------+--------------+---------------------+-------------+--------------+
Note: For table entries with two numbers listed, the numbers in parentheses indicate the number of resources of the given type used by the specific entity alone. The numbers listed outside of parentheses indicate the total resources of the given type used by the specific entity and all of its sub-entities in the hierarchy.


+-------------------------------------------------------------+
; Logic Cells Representing Combinational Loops                ;
+--------------------------------------------------------+----+
; Logic Cell Name                                        ;    ;
+--------------------------------------------------------+----+
; data_result[0]~0                                       ;    ;
; data_result[1]~1                                       ;    ;
; data_result[2]~2                                       ;    ;
; data_result[3]~3                                       ;    ;
; data_result[4]~4                                       ;    ;
; data_result[5]~5                                       ;    ;
; data_result[6]~6                                       ;    ;
; data_result[7]~7                                       ;    ;
; data_result[8]~8                                       ;    ;
; data_result[9]~9                                       ;    ;
; data_result[10]~10                                     ;    ;
; data_result[11]~11                                     ;    ;
; data_result[12]~12                                     ;    ;
; data_result[13]~13                                     ;    ;
; data_result[14]~14                                     ;    ;
; data_result[15]~15                                     ;    ;
; data_result[16]~16                                     ;    ;
; data_result[17]~17                                     ;    ;
; data_result[18]~18                                     ;    ;
; data_result[19]~19                                     ;    ;
; data_result[20]~20                                     ;    ;
; data_result[21]~21                                     ;    ;
; data_result[22]~22                                     ;    ;
; data_result[23]~23                                     ;    ;
; data_result[24]~24                                     ;    ;
; data_result[25]~25                                     ;    ;
; data_result[26]~26                                     ;    ;
; data_result[27]~27                                     ;    ;
; data_result[28]~28                                     ;    ;
; data_result[29]~29                                     ;    ;
; data_result[30]~30                                     ;    ;
; data_result[31]~31                                     ;    ;
; overflow~0                                             ;    ;
; Number of logic cells representing combinational loops ; 33 ;
+--------------------------------------------------------+----+
Note: All cells listed above may not be present at the end of synthesis due to various synthesis optimizations.


+------------------------------------------------------+
; General Register Statistics                          ;
+----------------------------------------------+-------+
; Statistic                                    ; Value ;
+----------------------------------------------+-------+
; Total registers                              ; 0     ;
; Number of registers using Synchronous Clear  ; 0     ;
; Number of registers using Synchronous Load   ; 0     ;
; Number of registers using Asynchronous Clear ; 0     ;
; Number of registers using Asynchronous Load  ; 0     ;
; Number of registers using Clock Enable       ; 0     ;
; Number of registers using Preset             ; 0     ;
+----------------------------------------------+-------+


+------------------------------------------------------------------------------------------------------------------------------------------+
; Multiplexer Restructuring Statistics (Restructuring Performed)                                                                           ;
+--------------------+-----------+---------------+----------------------+------------------------+------------+----------------------------+
; Multiplexer Inputs ; Bus Width ; Baseline Area ; Area if Restructured ; Saving if Restructured ; Registered ; Example Multiplexer Output ;
+--------------------+-----------+---------------+----------------------+------------------------+------------+----------------------------+
; 32:1               ; 32 bits   ; 672 LEs       ; 96 LEs               ; 576 LEs                ; No         ; |alu|Selector31            ;
+--------------------+-----------+---------------+----------------------+------------------------+------------+----------------------------+


+---------------------------------------------------------------------+
; Parameter Settings for User Entity Instance: Top-level Entity: |alu ;
+----------------+-------+--------------------------------------------+
; Parameter Name ; Value ; Type                                       ;
+----------------+-------+--------------------------------------------+
; add            ; 00000 ; Unsigned Binary                            ;
; sub            ; 00001 ; Unsigned Binary                            ;
; ando           ; 00010 ; Unsigned Binary                            ;
; oro            ; 00011 ; Unsigned Binary                            ;
+----------------+-------+--------------------------------------------+
Note: In order to hide this table in the UI and the text report file, please set the "Show Parameter Settings in Synthesis Report" option in "Analysis and Synthesis Settings -> More Settings" to "Off".


+-----------------------------------------------------+
; Post-Synthesis Netlist Statistics for Top Partition ;
+-----------------------+-----------------------------+
; Type                  ; Count                       ;
+-----------------------+-----------------------------+
; boundary_port         ; 109                         ;
; cycloneiii_lcell_comb ; 166                         ;
;     arith             ; 62                          ;
;         3 data inputs ; 62                          ;
;     normal            ; 104                         ;
;         0 data inputs ; 1                           ;
;         2 data inputs ; 2                           ;
;         3 data inputs ; 33                          ;
;         4 data inputs ; 68                          ;
;                       ;                             ;
; Max LUT depth         ; 7.10                        ;
; Average LUT depth     ; 5.02                        ;
+-----------------------+-----------------------------+


+-------------------------------+
; Elapsed Time Per Partition    ;
+----------------+--------------+
; Partition Name ; Elapsed Time ;
+----------------+--------------+
; Top            ; 00:00:00     ;
+----------------+--------------+


+-------------------------------+
; Analysis & Synthesis Messages ;
+-------------------------------+
Info: *******************************************************************
Info: Running Quartus Prime Analysis & Synthesis
    Info: Version 17.0.0 Build 595 04/25/2017 SJ Lite Edition
    Info: Processing started: Fri Sep 30 07:52:31 2022
Info: Command: quartus_map --read_settings_files=on --write_settings_files=off alu -c alu
Warning (18236): Number of processors has not been specified which may cause overloading on shared machines.  Set the global assignment NUM_PARALLEL_PROCESSORS in your QSF to an appropriate value for best performance.
Info (20030): Parallel compilation is enabled and will use 8 of the 8 processors detected
Info (12021): Found 1 design units, including 1 entities, in source file alu_tb.v
    Info (12023): Found entity 1: alu_tb File: D:/xy/GDA/MS/ECE/550/Recitation/5/lab5/alu_tb.v Line: 3
Info (12021): Found 1 design units, including 1 entities, in source file alu.v
    Info (12023): Found entity 1: alu File: D:/xy/GDA/MS/ECE/550/Recitation/5/lab5/alu.v Line: 1
Info (12127): Elaborating entity "alu" for the top level hierarchy
Warning (10270): Verilog HDL Case Statement warning at alu.v(21): incomplete case statement has no default case item File: D:/xy/GDA/MS/ECE/550/Recitation/5/lab5/alu.v Line: 21
Warning (10240): Verilog HDL Always Construct warning at alu.v(21): inferring latch(es) for variable "rtemp", which holds its previous value in one or more paths through the always construct File: D:/xy/GDA/MS/ECE/550/Recitation/5/lab5/alu.v Line: 21
Warning (10240): Verilog HDL Always Construct warning at alu.v(21): inferring latch(es) for variable "oftemp", which holds its previous value in one or more paths through the always construct File: D:/xy/GDA/MS/ECE/550/Recitation/5/lab5/alu.v Line: 21
Warning (10034): Output port "isNotEqual" at alu.v(7) has no driver File: D:/xy/GDA/MS/ECE/550/Recitation/5/lab5/alu.v Line: 7
Warning (10034): Output port "isLessThan" at alu.v(7) has no driver File: D:/xy/GDA/MS/ECE/550/Recitation/5/lab5/alu.v Line: 7
Warning (13024): Output pins are stuck at VCC or GND
    Warning (13410): Pin "isNotEqual" is stuck at GND File: D:/xy/GDA/MS/ECE/550/Recitation/5/lab5/alu.v Line: 7
    Warning (13410): Pin "isLessThan" is stuck at GND File: D:/xy/GDA/MS/ECE/550/Recitation/5/lab5/alu.v Line: 7
Info (286030): Timing-Driven Synthesis is running
Info (144001): Generated suppressed messages file D:/xy/GDA/MS/ECE/550/Recitation/5/lab5/output_files/alu.map.smsg
Info (16010): Generating hard_block partition "hard_block:auto_generated_inst"
    Info (16011): Adding 0 node(s), including 0 DDIO, 0 PLL, 0 transceiver and 0 LCELL
Warning (21074): Design contains 5 input pin(s) that do not drive logic
    Warning (15610): No output dependent on input pin "ctrl_shiftamt[0]" File: D:/xy/GDA/MS/ECE/550/Recitation/5/lab5/alu.v Line: 4
    Warning (15610): No output dependent on input pin "ctrl_shiftamt[1]" File: D:/xy/GDA/MS/ECE/550/Recitation/5/lab5/alu.v Line: 4
    Warning (15610): No output dependent on input pin "ctrl_shiftamt[2]" File: D:/xy/GDA/MS/ECE/550/Recitation/5/lab5/alu.v Line: 4
    Warning (15610): No output dependent on input pin "ctrl_shiftamt[3]" File: D:/xy/GDA/MS/ECE/550/Recitation/5/lab5/alu.v Line: 4
    Warning (15610): No output dependent on input pin "ctrl_shiftamt[4]" File: D:/xy/GDA/MS/ECE/550/Recitation/5/lab5/alu.v Line: 4
Info (21057): Implemented 274 device resources after synthesis - the final resource count might be different
    Info (21058): Implemented 74 input pins
    Info (21059): Implemented 35 output pins
    Info (21061): Implemented 165 logic cells
Info: Quartus Prime Analysis & Synthesis was successful. 0 errors, 15 warnings
    Info: Peak virtual memory: 4772 megabytes
    Info: Processing ended: Fri Sep 30 07:52:41 2022
    Info: Elapsed time: 00:00:10
    Info: Total CPU time (on all processors): 00:00:24


+------------------------------------------+
; Analysis & Synthesis Suppressed Messages ;
+------------------------------------------+
The suppressed messages can be found in D:/xy/GDA/MS/ECE/550/Recitation/5/lab5/output_files/alu.map.smsg.


